<?xml version="1.0" encoding="UTF-8"?>
<!-- Generated by org.testng.reporters.JUnitXMLReporter -->
<testsuite ignored="0" hostname="DESKTOP-S0OQKKP" failures="0" tests="3" name="Register Demo Test" time="3.893" errors="0" timestamp="2022-09-05T12:12:03 IST">
  <testcase classname="com.telus.testcase.RegisterDemo" name="@BeforeClass launchApplication" time="3.644">
    <failure type="org.openqa.selenium.SessionNotCreatedException" message="session not created: This version of ChromeDriver only supports Chrome version 103
Current browser version is 105.0.5195.102 with binary path C:\Program Files\Google\Chrome\Application\chrome.exe
Build info: version: &amp;apos;3.141.59&amp;apos;, revision: &amp;apos;e82be7d358&amp;apos;, time: &amp;apos;2018-11-14T08:17:03&amp;apos;
System info: host: &amp;apos;DESKTOP-S0OQKKP&amp;apos;, ip: &amp;apos;192.168.1.40&amp;apos;, os.name: &amp;apos;Windows 10&amp;apos;, os.arch: &amp;apos;amd64&amp;apos;, os.version: &amp;apos;10.0&amp;apos;, java.version: &amp;apos;11.0.10&amp;apos;
Driver info: driver.version: ChromeDriver
remote stacktrace: Backtrace:
	Ordinal0 [0x006D5FD3+2187219]
	Ordinal0 [0x0066E6D1+1763025]
	Ordinal0 [0x00583E78+802424]
	Ordinal0 [0x005A51F9+938489]
	Ordinal0 [0x005A0DDC+921052]
	Ordinal0 [0x0059E691+910993]
	Ordinal0 [0x005D17F0+1120240]
	Ordinal0 [0x005D144A+1119306]
	Ordinal0 [0x005CC9A6+1100198]
	Ordinal0 [0x005A6F80+946048]
	Ordinal0 [0x005A7E76+949878]
	GetHandleVerifier [0x009790C2+2721218]
	GetHandleVerifier [0x0096AAF0+2662384]
	GetHandleVerifier [0x0076137A+526458]
	GetHandleVerifier [0x00760416+522518]
	Ordinal0 [0x00674EAB+1789611]
	Ordinal0 [0x006797A8+1808296]
	Ordinal0 [0x00679895+1808533]
	Ordinal0 [0x006826C1+1844929]
	BaseThreadInitThunk [0x760E6739+25]
	RtlGetFullPathName_UEx [0x77138FEF+1215]
	RtlGetFullPathName_UEx [0x77138FBD+1165]
">
      <![CDATA[org.openqa.selenium.SessionNotCreatedException: session not created: This version of ChromeDriver only supports Chrome version 103
Current browser version is 105.0.5195.102 with binary path C:\Program Files\Google\Chrome\Application\chrome.exe
Build info: version: '3.141.59', revision: 'e82be7d358', time: '2018-11-14T08:17:03'
System info: host: 'DESKTOP-S0OQKKP', ip: '192.168.1.40', os.name: 'Windows 10', os.arch: 'amd64', os.version: '10.0', java.version: '11.0.10'
Driver info: driver.version: ChromeDriver
remote stacktrace: Backtrace:
Ordinal0 [0x006D5FD3+2187219]
Ordinal0 [0x0066E6D1+1763025]
Ordinal0 [0x00583E78+802424]
Ordinal0 [0x005A51F9+938489]
Ordinal0 [0x005A0DDC+921052]
Ordinal0 [0x0059E691+910993]
Ordinal0 [0x005D17F0+1120240]
Ordinal0 [0x005D144A+1119306]
Ordinal0 [0x005CC9A6+1100198]
Ordinal0 [0x005A6F80+946048]
Ordinal0 [0x005A7E76+949878]
GetHandleVerifier [0x009790C2+2721218]
GetHandleVerifier [0x0096AAF0+2662384]
GetHandleVerifier [0x0076137A+526458]
GetHandleVerifier [0x00760416+522518]
Ordinal0 [0x00674EAB+1789611]
Ordinal0 [0x006797A8+1808296]
Ordinal0 [0x00679895+1808533]
Ordinal0 [0x006826C1+1844929]
BaseThreadInitThunk [0x760E6739+25]
RtlGetFullPathName_UEx [0x77138FEF+1215]
RtlGetFullPathName_UEx [0x77138FBD+1165]

at org.openqa.selenium.remote.W3CHandshakeResponse.lambda$errorHandler$0(W3CHandshakeResponse.java:62)
at org.openqa.selenium.remote.HandshakeResponse.lambda$getResponseFunction$0(HandshakeResponse.java:30)
at org.openqa.selenium.remote.ProtocolHandshake.lambda$createSession$0(ProtocolHandshake.java:126)
at java.base/java.util.stream.ReferencePipeline$3$1.accept(ReferencePipeline.java:195)
at java.base/java.util.Spliterators$ArraySpliterator.tryAdvance(Spliterators.java:958)
at java.base/java.util.stream.ReferencePipeline.forEachWithCancel(ReferencePipeline.java:127)
at java.base/java.util.stream.AbstractPipeline.copyIntoWithCancel(AbstractPipeline.java:502)
at java.base/java.util.stream.AbstractPipeline.copyInto(AbstractPipeline.java:488)
at java.base/java.util.stream.AbstractPipeline.wrapAndCopyInto(AbstractPipeline.java:474)
at java.base/java.util.stream.FindOps$FindOp.evaluateSequential(FindOps.java:150)
at java.base/java.util.stream.AbstractPipeline.evaluate(AbstractPipeline.java:234)
at java.base/java.util.stream.ReferencePipeline.findFirst(ReferencePipeline.java:543)
at org.openqa.selenium.remote.ProtocolHandshake.createSession(ProtocolHandshake.java:128)
at org.openqa.selenium.remote.ProtocolHandshake.createSession(ProtocolHandshake.java:74)
at org.openqa.selenium.remote.HttpCommandExecutor.execute(HttpCommandExecutor.java:136)
at org.openqa.selenium.remote.service.DriverCommandExecutor.execute(DriverCommandExecutor.java:83)
at org.openqa.selenium.remote.RemoteWebDriver.execute(RemoteWebDriver.java:552)
at org.openqa.selenium.remote.RemoteWebDriver.startSession(RemoteWebDriver.java:213)
at org.openqa.selenium.remote.RemoteWebDriver.<init>(RemoteWebDriver.java:131)
at org.openqa.selenium.chrome.ChromeDriver.<init>(ChromeDriver.java:181)
at org.openqa.selenium.chrome.ChromeDriver.<init>(ChromeDriver.java:168)
at org.openqa.selenium.chrome.ChromeDriver.<init>(ChromeDriver.java:123)
at com.telus.testcase.RegisterDemo.launchApplication(RegisterDemo.java:43)
at java.base/java.util.ArrayList.forEach(ArrayList.java:1541)
... Removed 29 stack frames]]>
    </failure>
  </testcase> <!-- @BeforeClass launchApplication -->
  <testcase classname="com.telus.testcase.RegisterDemo" name="@AfterClass closeApplication" time="0.0">
    <skipped/>
  </testcase> <!-- @AfterClass closeApplication -->
  <testcase classname="com.telus.testcase.RegisterDemo" name="navigateToRegistrationForm" time="0.0">
    <skipped/>
  </testcase> <!-- navigateToRegistrationForm -->
  <testcase classname="com.telus.testcase.RegisterDemo" name="registerUser" time="0.0">
    <skipped/>
  </testcase> <!-- registerUser -->
  <testcase classname="com.telus.testcase.RegisterDemo" name="validateSuccessfulMessage" time="0.001">
    <skipped/>
  </testcase> <!-- validateSuccessfulMessage -->
</testsuite> <!-- Register Demo Test -->
